skip 2760892
skip 2762129
skip 2931293
skip 2942320
skip 3182912
skip 3190407
skip 3192713
skip 3244503
skip 3259571
skip 3274406
skip 3434407
skip 5951385
skip 5720422
skip 5710988
skip 3538579
skip 5679208
skip 3545833
skip 5621156
skip 3560878
skip 3588203
skip 5466866
skip 5357987
skip 3627787
skip 3634871
skip 5237488
skip 5211935
skip 4879892
skip 4852581
skip 3716274
skip 3730828
skip 4632917
skip 4576994
skip 4464905
skip 3813607
skip 3791835
skip 3801488
skip 3824022
skip 3838521
skip 3873037
skip 4398760
skip 4318119
skip 4303537
skip 3912566
skip 3921184
skip 4273136
skip 4242729
skip 4169034
skip 4180647
skip 4136565
skip 4143565
skip 3958429
skip 3982879
skip 4055420
skip 4008826
skip 4706255
skip 4707335
skip 4713227
skip 4732637
skip 4788393
skip 4807405
skip 5165626
skip 4992298
skip 5008265
skip 5400632
skip 5768714
