Loading cuda/11.3
  Loading requirement: cudnn/8.2.1-cu11.3
/opt/conda/raecker1/envs/bio_age/lib/python3.9/site-packages/torch/package/_directory_reader.py:17: UserWarning: Failed to initialize NumPy: No module named 'numpy.core' (Triggered internally at  ../torch/csrc/utils/tensor_numpy.cpp:68.)
  _dtype_to_storage = {data_type(0).dtype: data_type for data_type in _storages}
Traceback (most recent call last):
  File "/home/raecker1/nako_ukb_age/brainage/trainer/train3d.py", line 6, in <module>
    import torch
  File "/opt/conda/raecker1/envs/bio_age/lib/python3.9/site-packages/torch/__init__.py", line 721, in <module>
    import torch.utils.data
  File "/opt/conda/raecker1/envs/bio_age/lib/python3.9/site-packages/torch/utils/data/__init__.py", line 38, in <module>
    from torch.utils.data.dataloader_experimental import DataLoader2
  File "/opt/conda/raecker1/envs/bio_age/lib/python3.9/site-packages/torch/utils/data/dataloader_experimental.py", line 11, in <module>
    from torch.utils.data.datapipes.iter import IterableWrapper
  File "/opt/conda/raecker1/envs/bio_age/lib/python3.9/site-packages/torch/utils/data/datapipes/__init__.py", line 1, in <module>
    from . import iter
  File "/opt/conda/raecker1/envs/bio_age/lib/python3.9/site-packages/torch/utils/data/datapipes/iter/__init__.py", line 37, in <module>
    from torch.utils.data.datapipes.iter.selecting import (
  File "/opt/conda/raecker1/envs/bio_age/lib/python3.9/site-packages/torch/utils/data/datapipes/iter/selecting.py", line 7, in <module>
    import pandas  # type: ignore[import]
  File "/opt/conda/raecker1/envs/bio_age/lib/python3.9/site-packages/pandas/__init__.py", line 22, in <module>
    from pandas.compat import is_numpy_dev as _is_numpy_dev  # pyright: ignore # noqa:F401
  File "/opt/conda/raecker1/envs/bio_age/lib/python3.9/site-packages/pandas/compat/__init__.py", line 16, in <module>
    from pandas._typing import F
  File "/opt/conda/raecker1/envs/bio_age/lib/python3.9/site-packages/pandas/_typing.py", line 93, in <module>
    ArrayLike = Union["ExtensionArray", np.ndarray]
AttributeError: module 'numpy' has no attribute 'ndarray'
